<?xml version="1.0" encoding="UTF-8"?>
<!-- Generated by org.testng.reporters.JUnitReportReporter -->
<testsuite hostname="DESKTOP-OF3OC9C" failures="0" tests="9" name="com.qa.Test.StoreLocations_FamilyDollarTest" time="173.467" errors="0" timestamp="07 Sep 2023 08:00:55 GMT" skipped="0">
  <testcase classname="com.qa.Test.StoreLocations_FamilyDollarTest" name="VerifyFilterBtn" time="7.559"/>
  <testcase classname="com.qa.Test.StoreLocations_FamilyDollarTest" name="VerifyTitalAminities" time="4.260"/>
  <testcase classname="com.qa.Test.StoreLocations_FamilyDollarTest" name="VerifyMoreInfoLink" time="8.432"/>
  <testcase classname="com.qa.Test.StoreLocations_FamilyDollarTest" name="VerifyWeeklyAddLink" time="8.371"/>
  <testcase classname="com.qa.Test.StoreLocations_FamilyDollarTest" name="VerifyFilterOptions" time="7.233"/>
  <testcase classname="com.qa.Test.StoreLocations_FamilyDollarTest" name="VerifyListofAddress" time="4.303"/>
  <testcase classname="com.qa.Test.StoreLocations_FamilyDollarTest" name="VerifyRerirectingtoMap" time="7.283"/>
  <testcase classname="com.qa.Test.StoreLocations_FamilyDollarTest" name="VerifyOpenLocatorPage" time="9.230"/>
  <testcase classname="com.qa.Test.StoreLocations_FamilyDollarTest" name="VerifyClickingFilterOptions" time="116.796"/>
</testsuite> <!-- com.qa.Test.StoreLocations_FamilyDollarTest -->
